  main.cpp
C:\Users\SpacetimeJunglitst92\Desktop\linuxbot\main.cpp(48,15): warning C4996: 'inet_addr': Use inet_pton() or InetPton() instead or define _WINSOCK_DEPRECATED_NO_WARNINGS to disable deprecated API warnings
C:\Users\SpacetimeJunglitst92\Desktop\linuxbot\main.cpp(50,14): warning C4996: 'gethostbyname': Use getaddrinfo() or GetAddrInfoW() instead or define _WINSOCK_DEPRECATED_NO_WARNINGS to disable deprecated API warnings
C:\Users\SpacetimeJunglitst92\Desktop\linuxbot\main.cpp(98,2): warning C4996: '_snprintf': This function or variable may be unsafe. Consider using _snprintf_s instead. To disable deprecation, use _CRT_SECURE_NO_WARNINGS. See online help for details.
C:\Users\SpacetimeJunglitst92\Desktop\linuxbot\main.cpp(125,9): warning C4996: 'strtok': This function or variable may be unsafe. Consider using strtok_s instead. To disable deprecation, use _CRT_SECURE_NO_WARNINGS. See online help for details.
C:\Users\SpacetimeJunglitst92\Desktop\linuxbot\main.cpp(130,10): warning C4996: 'strtok': This function or variable may be unsafe. Consider using strtok_s instead. To disable deprecation, use _CRT_SECURE_NO_WARNINGS. See online help for details.
C:\Users\SpacetimeJunglitst92\Desktop\linuxbot\main.cpp(157,4): warning C4996: '_snprintf': This function or variable may be unsafe. Consider using _snprintf_s instead. To disable deprecation, use _CRT_SECURE_NO_WARNINGS. See online help for details.
C:\Users\SpacetimeJunglitst92\Desktop\linuxbot\main.cpp(166,4): warning C4996: '_snprintf': This function or variable may be unsafe. Consider using _snprintf_s instead. To disable deprecation, use _CRT_SECURE_NO_WARNINGS. See online help for details.
C:\Users\SpacetimeJunglitst92\Desktop\linuxbot\main.cpp(175,4): warning C4996: '_snprintf': This function or variable may be unsafe. Consider using _snprintf_s instead. To disable deprecation, use _CRT_SECURE_NO_WARNINGS. See online help for details.
C:\Users\SpacetimeJunglitst92\Desktop\linuxbot\main.cpp(185,5): warning C4996: '_snprintf': This function or variable may be unsafe. Consider using _snprintf_s instead. To disable deprecation, use _CRT_SECURE_NO_WARNINGS. See online help for details.
C:\Users\SpacetimeJunglitst92\Desktop\linuxbot\main.cpp(187,5): warning C4996: '_snprintf': This function or variable may be unsafe. Consider using _snprintf_s instead. To disable deprecation, use _CRT_SECURE_NO_WARNINGS. See online help for details.
C:\Users\SpacetimeJunglitst92\Desktop\linuxbot\main.cpp(199,5): warning C4996: '_snprintf': This function or variable may be unsafe. Consider using _snprintf_s instead. To disable deprecation, use _CRT_SECURE_NO_WARNINGS. See online help for details.
C:\Users\SpacetimeJunglitst92\Desktop\linuxbot\main.cpp(201,5): warning C4996: '_snprintf': This function or variable may be unsafe. Consider using _snprintf_s instead. To disable deprecation, use _CRT_SECURE_NO_WARNINGS. See online help for details.
C:\Users\SpacetimeJunglitst92\Desktop\linuxbot\main.cpp(210,4): warning C4996: '_snprintf': This function or variable may be unsafe. Consider using _snprintf_s instead. To disable deprecation, use _CRT_SECURE_NO_WARNINGS. See online help for details.
C:\Users\SpacetimeJunglitst92\Desktop\linuxbot\main.cpp(114,30): warning C4101: Hash: неиспользованная локальная переменная
C:\Users\SpacetimeJunglitst92\Desktop\linuxbot\main.cpp(277,3): warning C4996: '_snprintf': This function or variable may be unsafe. Consider using _snprintf_s instead. To disable deprecation, use _CRT_SECURE_NO_WARNINGS. See online help for details.
C:\Users\SpacetimeJunglitst92\Desktop\linuxbot\main.cpp(281,2): warning C4996: 'sprintf': This function or variable may be unsafe. Consider using sprintf_s instead. To disable deprecation, use _CRT_SECURE_NO_WARNINGS. See online help for details.
C:\Users\SpacetimeJunglitst92\Desktop\linuxbot\main.cpp(282,2): warning C4996: 'sprintf': This function or variable may be unsafe. Consider using sprintf_s instead. To disable deprecation, use _CRT_SECURE_NO_WARNINGS. See online help for details.
C:\Users\SpacetimeJunglitst92\Desktop\linuxbot\main.cpp(290,2): warning C4996: 'sprintf': This function or variable may be unsafe. Consider using sprintf_s instead. To disable deprecation, use _CRT_SECURE_NO_WARNINGS. See online help for details.
C:\Users\SpacetimeJunglitst92\Desktop\linuxbot\main.cpp(291,2): warning C4996: 'sprintf': This function or variable may be unsafe. Consider using sprintf_s instead. To disable deprecation, use _CRT_SECURE_NO_WARNINGS. See online help for details.
C:\Users\SpacetimeJunglitst92\Desktop\linuxbot\main.cpp(334,9): warning C4996: 'strtok': This function or variable may be unsafe. Consider using strtok_s instead. To disable deprecation, use _CRT_SECURE_NO_WARNINGS. See online help for details.
C:\Users\SpacetimeJunglitst92\Desktop\linuxbot\main.cpp(338,10): warning C4996: 'strtok': This function or variable may be unsafe. Consider using strtok_s instead. To disable deprecation, use _CRT_SECURE_NO_WARNINGS. See online help for details.
C:\Users\SpacetimeJunglitst92\Desktop\linuxbot\main.cpp(345,3): warning C4996: '_snprintf': This function or variable may be unsafe. Consider using _snprintf_s instead. To disable deprecation, use _CRT_SECURE_NO_WARNINGS. See online help for details.
C:\Users\SpacetimeJunglitst92\Desktop\linuxbot\main.cpp(350,4): warning C4996: '_snprintf': This function or variable may be unsafe. Consider using _snprintf_s instead. To disable deprecation, use _CRT_SECURE_NO_WARNINGS. See online help for details.
C:\Users\SpacetimeJunglitst92\Desktop\linuxbot\main.cpp(352,4): warning C4996: '_snprintf': This function or variable may be unsafe. Consider using _snprintf_s instead. To disable deprecation, use _CRT_SECURE_NO_WARNINGS. See online help for details.
C:\Users\SpacetimeJunglitst92\Desktop\linuxbot\main.cpp(369,4): warning C4996: '_snprintf': This function or variable may be unsafe. Consider using _snprintf_s instead. To disable deprecation, use _CRT_SECURE_NO_WARNINGS. See online help for details.
C:\Users\SpacetimeJunglitst92\Desktop\linuxbot\main.cpp(371,4): warning C4996: '_snprintf': This function or variable may be unsafe. Consider using _snprintf_s instead. To disable deprecation, use _CRT_SECURE_NO_WARNINGS. See online help for details.
C:\Users\SpacetimeJunglitst92\Desktop\linuxbot\main.cpp(386,3): warning C4996: '_snprintf': This function or variable may be unsafe. Consider using _snprintf_s instead. To disable deprecation, use _CRT_SECURE_NO_WARNINGS. See online help for details.
C:\Users\SpacetimeJunglitst92\Desktop\linuxbot\main.cpp(402,5): warning C4996: 'sprintf': This function or variable may be unsafe. Consider using sprintf_s instead. To disable deprecation, use _CRT_SECURE_NO_WARNINGS. See online help for details.
C:\Users\SpacetimeJunglitst92\Desktop\linuxbot\main.cpp(405,6): warning C4996: '_snprintf': This function or variable may be unsafe. Consider using _snprintf_s instead. To disable deprecation, use _CRT_SECURE_NO_WARNINGS. See online help for details.
C:\Users\SpacetimeJunglitst92\Desktop\linuxbot\main.cpp(421,3): warning C4996: 'sprintf': This function or variable may be unsafe. Consider using sprintf_s instead. To disable deprecation, use _CRT_SECURE_NO_WARNINGS. See online help for details.
C:\Users\SpacetimeJunglitst92\Desktop\linuxbot\main.cpp(428,4): warning C4996: 'sprintf': This function or variable may be unsafe. Consider using sprintf_s instead. To disable deprecation, use _CRT_SECURE_NO_WARNINGS. See online help for details.
C:\Users\SpacetimeJunglitst92\Desktop\linuxbot\main.cpp(431,5): warning C4996: '_snprintf': This function or variable may be unsafe. Consider using _snprintf_s instead. To disable deprecation, use _CRT_SECURE_NO_WARNINGS. See online help for details.
C:\Users\SpacetimeJunglitst92\Desktop\linuxbot\main.cpp(465,33): warning C4101: CurrentName: неиспользованная локальная переменная
  linuxbot.vcxproj -> C:\Users\SpacetimeJunglitst92\Desktop\linuxbot\Debug\linuxbot.exe
